<!DOCTYPE suite SYSTEM "https://testng.org/testng-1.0.dtd">
<suite name="API and Edge Tests">
  <test name="API Tests">
    <classes>
      <class name="com.example.ApiTests"/>
    </classes>
  </test>
  <test name="UI Tests on Edge">
    <classes>
      <class name="com.example.UITestsEdge"/>
    </classes>
  </test>
</suite>
